Using pre-set license
Built from '2021.2/staging' branch; Version is '2021.2.0b9 (162b5e238388) revision 1452894'; Using compiler version '192829333'; Build Type 'Release'
OS: 'Windows 10 Home; OS build 19042.1165; Version 2009; 64bit' Language: 'zh' Physical Memory: 16235 MB
BatchMode: 1, IsHumanControllingUs: 0, StartBugReporterOnCrash: 0, Is64bit: 1, IsPro: 0

COMMAND LINE ARGUMENTS:
D:\Program Files\Game Engine\Unity\Hub\Editor\2021.2.0b9\Editor\Unity.exe
-adb2
-batchMode
-noUpm
-name
AssetImportWorker0
-projectPath
D:/1.Project/13-1.Git/Design Pattern/Project Soul/Draft 2
-logFile
Logs/AssetImportWorker0.log
-srvPort
4505
Successfully changed project path to: D:/1.Project/13-1.Git/Design Pattern/Project Soul/Draft 2
D:/1.Project/13-1.Git/Design Pattern/Project Soul/Draft 2
[UnityMemory] Configuration Parameters - Can be set up in boot.config
    "memorysetup-bucket-allocator-granularity=16"
    "memorysetup-bucket-allocator-bucket-count=8"
    "memorysetup-bucket-allocator-block-size=33554432"
    "memorysetup-bucket-allocator-block-count=8"
    "memorysetup-main-allocator-block-size=16777216"
    "memorysetup-thread-allocator-block-size=16777216"
    "memorysetup-gfx-main-allocator-block-size=16777216"
    "memorysetup-gfx-thread-allocator-block-size=16777216"
    "memorysetup-cache-allocator-block-size=4194304"
    "memorysetup-typetree-allocator-block-size=2097152"
    "memorysetup-profiler-bucket-allocator-granularity=16"
    "memorysetup-profiler-bucket-allocator-bucket-count=8"
    "memorysetup-profiler-bucket-allocator-block-size=33554432"
    "memorysetup-profiler-bucket-allocator-block-count=8"
    "memorysetup-profiler-allocator-block-size=16777216"
    "memorysetup-profiler-editor-allocator-block-size=1048576"
    "memorysetup-temp-allocator-size-main=16777216"
    "memorysetup-job-temp-allocator-block-size=2097152"
    "memorysetup-job-temp-allocator-block-size-background=1048576"
    "memorysetup-job-temp-allocator-reduction-small-platforms=262144"
    "memorysetup-temp-allocator-size-background-worker=32768"
    "memorysetup-temp-allocator-size-job-worker=262144"
    "memorysetup-temp-allocator-size-preload-manager=33554432"
    "memorysetup-temp-allocator-size-nav-mesh-worker=65536"
    "memorysetup-temp-allocator-size-audio-worker=65536"
    "memorysetup-temp-allocator-size-cloud-worker=32768"
    "memorysetup-temp-allocator-size-gi-baking-worker=262144"
    "memorysetup-temp-allocator-size-gfx=262144"
Default GameObject Tag: Player already registered
Refreshing native plugins compatible for Editor in 84.39 ms, found 3 plugins.
Preloading 0 native plugins for Editor in 0.00 ms.
Initialize engine version: 2021.2.0b9 (162b5e238388)
[Subsystems] Discovering subsystems at path D:/Program Files/Game Engine/Unity/Hub/Editor/2021.2.0b9/Editor/Data/Resources/UnitySubsystems
[Subsystems] Discovering subsystems at path D:/1.Project/13-1.Git/Design Pattern/Project Soul/Draft 2/Assets
GfxDevice: creating device client; threaded=0; jobified=0
Direct3D:
    Version:  Direct3D 11.0 [level 11.1]
    Renderer: NVIDIA GeForce GTX 1050 (ID=0x1c8d)
    Vendor:   NVIDIA
    VRAM:     4021 MB
    Driver:   27.21.14.6231
Initialize mono
Mono path[0] = 'D:/Program Files/Game Engine/Unity/Hub/Editor/2021.2.0b9/Editor/Data/Managed'
Mono path[1] = 'D:/Program Files/Game Engine/Unity/Hub/Editor/2021.2.0b9/Editor/Data/MonoBleedingEdge/lib/mono/unityjit-win32'
Mono config path = 'D:/Program Files/Game Engine/Unity/Hub/Editor/2021.2.0b9/Editor/Data/MonoBleedingEdge/etc'
Using monoOptions --debugger-agent=transport=dt_socket,embedding=1,server=y,suspend=n,address=127.0.0.1:56708
Begin MonoManager ReloadAssembly
Registering precompiled unity dll's ...
Register platform support module: D:/Program Files/Game Engine/Unity/Hub/Editor/2021.2.0b9/Editor/Data/PlaybackEngines/WindowsStandaloneSupport/UnityEditor.WindowsStandalone.Extensions.dll
Registered in 0.030736 seconds.
Native extension for WindowsStandalone target not found
Refreshing native plugins compatible for Editor in 54.55 ms, found 3 plugins.
Preloading 0 native plugins for Editor in 0.00 ms.
Mono: successfully reloaded assembly
- Completed reload, in  1.410 seconds
Domain Reload Profiling:
	ReloadAssembly (1447ms)
		BeginReloadAssembly (128ms)
			ExecutionOrderSort (0ms)
			DisableScriptedObjects (0ms)
			BackupInstance (0ms)
			ReleaseScriptingObjects (0ms)
			CreateAndSetChildDomain (1ms)
		EndReloadAssembly (699ms)
			LoadAssemblies (123ms)
			RebuildTransferFunctionScriptingTraits (0ms)
			SetupTypeCache (315ms)
			ReleaseScriptCaches (0ms)
			RebuildScriptCaches (26ms)
			SetupLoadedEditorAssemblies (249ms)
				LogAssemblyErrors (0ms)
				InitializePlatformSupportModulesInManaged (12ms)
				SetLoadedEditorAssemblies (0ms)
				RefreshPlugins (55ms)
				BeforeProcessingInitializeOnLoad (1ms)
				ProcessInitializeOnLoadAttributes (128ms)
				ProcessInitializeOnLoadMethodAttributes (53ms)
				AfterProcessingInitializeOnLoad (0ms)
				EditorAssembliesLoaded (0ms)
			ExecutionOrderSort2 (0ms)
			AwakeInstancesAfterBackupRestoration (0ms)
Platform modules already initialized, skipping
Registering precompiled user dll's ...
Registered in 0.013432 seconds.
Begin MonoManager ReloadAssembly
Native extension for WindowsStandalone target not found
Refreshing native plugins compatible for Editor in 74.38 ms, found 3 plugins.
Preloading 0 native plugins for Editor in 0.00 ms.
[com.unity.burst] Burst is disabled entirely, either from the command line or because this is not the main Unity process
UnityEngine.StackTraceUtility:ExtractStackTrace ()
UnityEngine.DebugLogHandler:LogFormat (UnityEngine.LogType,UnityEngine.Object,string,object[])
UnityEngine.Logger:Log (UnityEngine.LogType,object)
UnityEngine.Debug:LogWarning (object)
Unity.Burst.Editor.BurstLoader:.cctor () (at Library/PackageCache/com.unity.burst@1.6.0-pre.2/Editor/BurstLoader.cs:107)
System.Runtime.CompilerServices.RuntimeHelpers:RunClassConstructor (System.RuntimeTypeHandle)
UnityEditor.EditorAssemblies:ProcessInitializeOnLoadAttributes (System.Type[])

(Filename: Library/PackageCache/com.unity.burst@1.6.0-pre.2/Editor/BurstLoader.cs Line: 107)

Mono: successfully reloaded assembly
- Completed reload, in  2.008 seconds
Domain Reload Profiling:
	ReloadAssembly (2082ms)
		BeginReloadAssembly (257ms)
			ExecutionOrderSort (0ms)
			DisableScriptedObjects (6ms)
			BackupInstance (0ms)
			ReleaseScriptingObjects (0ms)
			CreateAndSetChildDomain (28ms)
		EndReloadAssembly (1664ms)
			LoadAssemblies (144ms)
			RebuildTransferFunctionScriptingTraits (0ms)
			SetupTypeCache (508ms)
			ReleaseScriptCaches (1ms)
			RebuildScriptCaches (59ms)
			SetupLoadedEditorAssemblies (750ms)
				LogAssemblyErrors (0ms)
				InitializePlatformSupportModulesInManaged (21ms)
				SetLoadedEditorAssemblies (0ms)
				RefreshPlugins (74ms)
				BeforeProcessingInitializeOnLoad (122ms)
				ProcessInitializeOnLoadAttributes (464ms)
				ProcessInitializeOnLoadMethodAttributes (44ms)
				AfterProcessingInitializeOnLoad (25ms)
				EditorAssembliesLoaded (0ms)
			ExecutionOrderSort2 (0ms)
			AwakeInstancesAfterBackupRestoration (9ms)
Platform modules already initialized, skipping
========================================================================
Worker process is ready to serve import requests
Default GameObject Tag: Player already registered
Launched and connected shader compiler UnityShaderCompiler.exe after 0.24 seconds
Refreshing native plugins compatible for Editor in 0.72 ms, found 3 plugins.
Preloading 0 native plugins for Editor in 0.00 ms.
Unloading 2914 Unused Serialized files (Serialized files now loaded: 0)
Unloading 50 unused Assets / (128.8 KB). Loaded Objects now: 3377.
Memory consumption went from 134.5 MB to 134.3 MB.
Total: 3.605400 ms (FindLiveObjects: 0.254900 ms CreateObjectMapping: 0.177700 ms MarkObjects: 3.064300 ms  DeleteObjects: 0.107300 ms)

AssetImportParameters requested are different than current active one (requested -> active):
  custom:framework-win-MediaFoundation: 216162199b28c13a410421893ffa2e32 -> 
  custom:video-decoder-ogg-theora: a1e56fd34408186e4bbccfd4996cb3dc -> 
  custom:container-muxer-webm: aa71ff27fc2769a1b78a27578f13a17b -> 
  custom:container-demuxer-webm: 4f35f7cbe854078d1ac9338744f61a02 -> 
  custom:video-encoder-webm-vp8: eb34c28f22e8b96e1ab97ce403110664 -> 
  custom:container-demuxer-ogg: 62fdf1f143b41e24485cea50d1cbac27 -> 
  custom:audio-decoder-ogg-vorbis: bf7c407c2cedff20999df2af8eb42d56 -> 
  custom:video-decoder-webm-vp8: 9c59270c3fd7afecdb556c50c9e8de78 -> 
  custom:audio-encoder-webm-vorbis: bf7c407c2cedff20999df2af8eb42d56 -> 
========================================================================
Received Import Request.
  Time since last request: 11749.731351 seconds.
  path: Assets/Blood_System/Resources/Images/Blood/QTEImageList.asset
  artifactKey: Guid(2d37641fdbb79cf4b821950f2d60461c) Importer(815301076,1909f56bfc062723c751e8b465ee728b)
Start importing Assets/Blood_System/Resources/Images/Blood/QTEImageList.asset using Guid(2d37641fdbb79cf4b821950f2d60461c) Importer(815301076,1909f56bfc062723c751e8b465ee728b)  -> (artifact id: '728b18fa664e87eef129566c65a107e3') in 0.049613 seconds 
========================================================================
Received Prepare
Default GameObject Tag: Player already registered
Refreshing native plugins compatible for Editor in 8.82 ms, found 3 plugins.
Preloading 0 native plugins for Editor in 0.00 ms.
Unloading 23 Unused Serialized files (Serialized files now loaded: 0)
Unloading 22 unused Assets / (99.7 KB). Loaded Objects now: 3377.
Memory consumption went from 74.3 MB to 74.2 MB.
Total: 4.025600 ms (FindLiveObjects: 0.298500 ms CreateObjectMapping: 0.182900 ms MarkObjects: 3.505000 ms  DeleteObjects: 0.038300 ms)

AssetImportParameters requested are different than current active one (requested -> active):
  custom:framework-win-MediaFoundation: 216162199b28c13a410421893ffa2e32 -> 
  custom:video-decoder-ogg-theora: a1e56fd34408186e4bbccfd4996cb3dc -> 
  custom:container-muxer-webm: aa71ff27fc2769a1b78a27578f13a17b -> 
  custom:container-demuxer-webm: 4f35f7cbe854078d1ac9338744f61a02 -> 
  custom:video-encoder-webm-vp8: eb34c28f22e8b96e1ab97ce403110664 -> 
  custom:container-demuxer-ogg: 62fdf1f143b41e24485cea50d1cbac27 -> 
  custom:audio-decoder-ogg-vorbis: bf7c407c2cedff20999df2af8eb42d56 -> 
  custom:video-decoder-webm-vp8: 9c59270c3fd7afecdb556c50c9e8de78 -> 
  custom:audio-encoder-webm-vorbis: bf7c407c2cedff20999df2af8eb42d56 -> 
========================================================================
Received Import Request.
  Time since last request: 82.017600 seconds.
  path: Assets/Blood_System/Resources/Images/Blood/QTEImageList.asset
  artifactKey: Guid(2d37641fdbb79cf4b821950f2d60461c) Importer(815301076,1909f56bfc062723c751e8b465ee728b)
Start importing Assets/Blood_System/Resources/Images/Blood/QTEImageList.asset using Guid(2d37641fdbb79cf4b821950f2d60461c) Importer(815301076,1909f56bfc062723c751e8b465ee728b)  -> (artifact id: '651e7d4592b05f9cbcb417c155d2947b') in 0.014812 seconds 
========================================================================
Received Import Request.
  Time since last request: 133.677205 seconds.
  path: Assets/Blood_System/Resources/Images/Blood/Circle.png
  artifactKey: Guid(465f211ce5bf5624b803af635b5ea1b1) Importer(815301076,1909f56bfc062723c751e8b465ee728b)
Start importing Assets/Blood_System/Resources/Images/Blood/Circle.png using Guid(465f211ce5bf5624b803af635b5ea1b1) Importer(815301076,1909f56bfc062723c751e8b465ee728b)  -> (artifact id: 'f224f8f0764e13d0cf6aa448879ec2e3') in 0.254708 seconds 
========================================================================
Received Import Request.
  Time since last request: 0.000110 seconds.
  path: Assets/Blood_System/Resources/Images/Blood/CrossEx.png
  artifactKey: Guid(76ffdfd57d88457468a5f293804b3269) Importer(815301076,1909f56bfc062723c751e8b465ee728b)
Start importing Assets/Blood_System/Resources/Images/Blood/CrossEx.png using Guid(76ffdfd57d88457468a5f293804b3269) Importer(815301076,1909f56bfc062723c751e8b465ee728b)  -> (artifact id: 'ae0c5e8fc78990cee34595ddcd02436f') in 0.021115 seconds 
========================================================================
Received Import Request.
  Time since last request: 0.000047 seconds.
  path: Assets/Blood_System/Resources/Images/Blood/SquareEx.png
  artifactKey: Guid(b0e7c30086d854448bb4882ded510674) Importer(815301076,1909f56bfc062723c751e8b465ee728b)
Start importing Assets/Blood_System/Resources/Images/Blood/SquareEx.png using Guid(b0e7c30086d854448bb4882ded510674) Importer(815301076,1909f56bfc062723c751e8b465ee728b)  -> (artifact id: 'e1f8770fc8e58fa491ec264e1780df15') in 0.020225 seconds 
========================================================================
Received Import Request.
  Time since last request: 0.000045 seconds.
  path: Assets/Blood_System/Resources/Images/Blood/CircleEx.png
  artifactKey: Guid(7be9b531dbc19014b8c501120c712090) Importer(815301076,1909f56bfc062723c751e8b465ee728b)
Start importing Assets/Blood_System/Resources/Images/Blood/CircleEx.png using Guid(7be9b531dbc19014b8c501120c712090) Importer(815301076,1909f56bfc062723c751e8b465ee728b)  -> (artifact id: '17bb96ccc67051afc2d31225eaa06e30') in 0.021968 seconds 
========================================================================
Received Import Request.
  Time since last request: 0.000029 seconds.
  path: Assets/Blood_System/Resources/Images/Blood/Cross.png
  artifactKey: Guid(beb4bd16d87994a49a7dd22249c1e36b) Importer(815301076,1909f56bfc062723c751e8b465ee728b)
Start importing Assets/Blood_System/Resources/Images/Blood/Cross.png using Guid(beb4bd16d87994a49a7dd22249c1e36b) Importer(815301076,1909f56bfc062723c751e8b465ee728b)  -> (artifact id: 'cd5a8521d9c2d498d65e31ca4ec66c1e') in 0.017652 seconds 
========================================================================
Received Import Request.
  Time since last request: 0.000030 seconds.
  path: Assets/Blood_System/Resources/Images/Blood/Square.png
  artifactKey: Guid(e2314541dbdd8714e89745da7a61d7e1) Importer(815301076,1909f56bfc062723c751e8b465ee728b)
Start importing Assets/Blood_System/Resources/Images/Blood/Square.png using Guid(e2314541dbdd8714e89745da7a61d7e1) Importer(815301076,1909f56bfc062723c751e8b465ee728b)  -> (artifact id: 'b5a3189be611acded34d69ade1bf2236') in 0.019005 seconds 
